<?xml version="1.0" encoding="UTF-8"?>
<!-- Generated by org.testng.reporters.JUnitReportReporter -->
<testsuite hostname="flyhigh" failures="0" tests="1" name="datprovider.DWS_Registration" time="0.000" errors="0" timestamp="2024-03-24T20:54:19 GMT" skipped="1">
  <testcase classname="datprovider.DWS_Registration" name="DWS_Registration" time="0.000">
    <skipped/>
  </testcase> <!-- DWS_Registration -->
  <system-out/>
</testsuite> <!-- datprovider.DWS_Registration -->
