<?xml version="1.0" encoding="UTF-8"?>
<!-- Generated by org.testng.reporters.JUnitReportReporter -->
<testsuite hostname="flyhigh" failures="0" tests="2" name="TestNG_Concepts.DependeOnMethod" time="0.056" errors="0" timestamp="2024-03-19T09:57:14 GMT" skipped="0">
  <testcase classname="TestNG_Concepts.DependeOnMethod" name="register_module" time="0.050"/>
  <system-out>
from register module  </system-out>
  <testcase classname="TestNG_Concepts.DependeOnMethod" name="login_module" time="0.006"/>
  <system-out>
from login module  </system-out>
</testsuite> <!-- TestNG_Concepts.DependeOnMethod -->
