<?xml version="1.0" encoding="UTF-8"?>
<!-- Generated by org.testng.reporters.JUnitReportReporter -->
<testsuite hostname="flyhigh" failures="0" tests="2" name="TestNG_Concepts.ToCheckTestNG" time="0.013" errors="0" timestamp="2024-03-18T10:59:53 GMT" skipped="0">
  <testcase classname="TestNG_Concepts.ToCheckTestNG" name="Demo_01" time="0.012"/>
  <system-out>
hi TestNg hi testNg  </system-out>
  <testcase classname="TestNG_Concepts.ToCheckTestNG" name="Demo_02" time="0.001"/>
  <system-out>
hi testng1 hi testNg  </system-out>
</testsuite> <!-- TestNG_Concepts.ToCheckTestNG -->
