<?xml version="1.0" encoding="UTF-8"?>
<!-- Generated by org.testng.reporters.JUnitReportReporter -->
<testsuite hostname="flyhigh" failures="0" tests="4" name="TestNG_Concepts.InvocationCount" time="18.846" errors="0" timestamp="2024-03-19T09:32:05 GMT" skipped="0">
  <testcase classname="TestNG_Concepts.InvocationCount" name="demo_01" time="0.025"/>
  <system-out>
hi testng1  </system-out>
  <testcase classname="TestNG_Concepts.InvocationCount" name="demo_02" time="5.021"/>
  <system-out>
hi testng2  </system-out>
  <testcase classname="TestNG_Concepts.InvocationCount" name="demo_02" time="8.178"/>
  <system-out>
hi testng2  </system-out>
  <testcase classname="TestNG_Concepts.InvocationCount" name="demo_02" time="5.622"/>
  <system-out>
hi testng2  </system-out>
</testsuite> <!-- TestNG_Concepts.InvocationCount -->
