<?xml version="1.0" encoding="UTF-8"?>
<!-- Generated by org.testng.reporters.JUnitReportReporter -->
<testsuite hostname="flyhigh" failures="0" tests="1" name="TestNG_XML.TestScript_03" time="211.013" errors="0" timestamp="2024-03-28T11:36:10 GMT" skipped="0">
  <testcase classname="TestNG_XML.TestScript_03" name="FT_01" time="211.013"/>
  <system-out/>
</testsuite> <!-- TestNG_XML.TestScript_03 -->
