<?xml version="1.0" encoding="UTF-8"?>
<!-- Generated by org.testng.reporters.JUnitReportReporter -->
<testsuite hostname="flyhigh" failures="0" tests="1" name="Scripts.ToLaunchApp_05" time="4.818" errors="0" timestamp="2024-03-20T10:25:54 GMT" skipped="0">
  <testcase classname="Scripts.ToLaunchApp_05" name="launch_app" time="4.818"/>
  <system-out/>
</testsuite> <!-- Scripts.ToLaunchApp_05 -->
