<?xml version="1.0" encoding="UTF-8"?>
<!-- Generated by org.testng.reporters.JUnitReportReporter -->
<testsuite hostname="flyhigh" failures="0" tests="3" name="TestNG_Concepts.PriorityOfMethod" time="0.032" errors="0" timestamp="2024-03-19T09:34:01 GMT" skipped="0">
  <testcase classname="TestNG_Concepts.PriorityOfMethod" name="demo_04" time="0.002"/>
  <system-out>
hi testng1 hi testng4  </system-out>
  <testcase classname="TestNG_Concepts.PriorityOfMethod" name="demo_03" time="0.002"/>
  <system-out>
hi testng1 hi testng3  </system-out>
  <testcase classname="TestNG_Concepts.PriorityOfMethod" name="demo_01" time="0.028"/>
  <system-out>
hi testng1 hi testng1  </system-out>
</testsuite> <!-- TestNG_Concepts.PriorityOfMethod -->
