<?xml version="1.0" encoding="UTF-8"?>
<!-- Generated by org.testng.reporters.JUnitReportReporter -->
<testsuite hostname="flyhigh" failures="0" tests="2" name="TestNG_XML.TestScript_01" time="11.844" errors="0" timestamp="2024-03-24T20:47:08 GMT" skipped="0">
  <testcase classname="TestNG_XML.TestScript_01" name="functionaltest_02" time="5.997"/>
  <system-out>
test script-01,method-02 started  </system-out>
  <testcase classname="TestNG_XML.TestScript_01" name="functionaltest_01" time="5.847"/>
  <system-out>
test script-01,method-01 started  </system-out>
</testsuite> <!-- TestNG_XML.TestScript_01 -->
