<?xml version="1.0" encoding="UTF-8"?>
<!-- Generated by org.testng.reporters.JUnitReportReporter -->
<testsuite hostname="flyhigh" failures="0" tests="1" name="TestNG_XML.TestScript_02" time="4.845" errors="0" timestamp="2024-03-24T20:47:32 GMT" skipped="0">
  <testcase classname="TestNG_XML.TestScript_02" name="functionaltest_01" time="4.845"/>
  <system-out>
test script-02,method-01 started  </system-out>
</testsuite> <!-- TestNG_XML.TestScript_02 -->
